Cleaning
Building Linux64 Package
checking build system type... x86_64-unknown-linux-gnu
checking host system type... x86_64-unknown-linux-gnu
checking how to print strings... printf
checking for gcc... gcc
checking whether the C compiler works... yes
checking for C compiler default output file name... a.out
checking for suffix of executables... 
checking whether we are cross compiling... no
checking for suffix of object files... o
checking whether we are using the GNU C compiler... yes
checking whether gcc accepts -g... yes
checking for gcc option to accept ISO C89... none needed
checking for a sed that does not truncate output... /bin/sed
checking for grep that handles long lines and -e... /bin/grep
checking for egrep... /bin/grep -E
checking for fgrep... /bin/grep -F
checking for ld used by gcc... /usr/bin/ld
checking if the linker (/usr/bin/ld) is GNU ld... yes
checking for BSD- or MS-compatible name lister (nm)... /usr/bin/nm -B
checking the name lister (/usr/bin/nm -B) interface... BSD nm
checking whether ln -s works... yes
checking the maximum length of command line arguments... 1572864
checking whether the shell understands some XSI constructs... yes
checking whether the shell understands "+="... yes
checking how to convert x86_64-unknown-linux-gnu file names to x86_64-unknown-linux-gnu format... func_convert_file_noop
checking how to convert x86_64-unknown-linux-gnu file names to toolchain format... func_convert_file_noop
checking for /usr/bin/ld option to reload object files... -r
checking for objdump... objdump
checking how to recognize dependent libraries... pass_all
checking for dlltool... no
checking how to associate runtime and link libraries... printf %s\n
checking for ar... ar
checking for archiver @FILE support... @
checking for strip... strip
checking for ranlib... ranlib
checking for gawk... gawk
checking command to parse /usr/bin/nm -B output from gcc object... ok
checking for sysroot... no
checking for mt... mt
checking if mt is a manifest tool... no
checking how to run the C preprocessor... gcc -E
checking for ANSI C header files... yes
checking for sys/types.h... yes
checking for sys/stat.h... yes
checking for stdlib.h... yes
checking for string.h... yes
checking for memory.h... yes
checking for strings.h... yes
checking for inttypes.h... yes
checking for stdint.h... yes
checking for unistd.h... yes
checking for dlfcn.h... yes
checking for objdir... .libs
checking if gcc supports -fno-rtti -fno-exceptions... no
checking for gcc option to produce PIC... -fPIC -DPIC
checking if gcc PIC flag -fPIC -DPIC works... yes
checking if gcc static flag -static works... yes
checking if gcc supports -c -o file.o... yes
checking if gcc supports -c -o file.o... (cached) yes
checking whether the gcc linker (/usr/bin/ld -m elf_x86_64) supports shared libraries... yes
checking whether -lc should be explicitly linked in... no
checking dynamic linker characteristics... GNU/Linux ld.so
checking how to hardcode library paths into programs... immediate
checking whether stripping libraries is possible... yes
checking if libtool supports shared libraries... yes
checking whether to build shared libraries... yes
checking whether to build static libraries... yes
checking for gcc... (cached) gcc
checking whether we are using the GNU C compiler... (cached) yes
checking whether gcc accepts -g... (cached) yes
checking for gcc option to accept ISO C89... (cached) none needed
checking for g++... g++
checking whether we are using the GNU C++ compiler... yes
checking whether g++ accepts -g... yes
checking how to run the C++ preprocessor... g++ -E
checking for ld used by g++... /usr/bin/ld -m elf_x86_64
checking if the linker (/usr/bin/ld -m elf_x86_64) is GNU ld... yes
checking whether the g++ linker (/usr/bin/ld -m elf_x86_64) supports shared libraries... yes
checking for g++ option to produce PIC... -fPIC -DPIC
checking if g++ PIC flag -fPIC -DPIC works... yes
checking if g++ static flag -static works... yes
checking if g++ supports -c -o file.o... yes
checking if g++ supports -c -o file.o... (cached) yes
checking whether the g++ linker (/usr/bin/ld -m elf_x86_64) supports shared libraries... yes
checking dynamic linker characteristics... (cached) GNU/Linux ld.so
checking how to hardcode library paths into programs... immediate
checking for a BSD-compatible install... /usr/bin/install -c
checking whether make sets $(MAKE)... yes
checking for windres... no
checking for an ANSI C-conforming const... yes
checking for inline... inline
checking for working volatile... yes
checking for GCC -MMD -MT option... yes
checking for linker option --no-undefined... yes
checking for ANSI C header files... (cached) yes
checking for sys/types.h... (cached) yes
checking stdio.h usability... yes
checking stdio.h presence... yes
checking for stdio.h... yes
checking for stdlib.h... (cached) yes
checking stddef.h usability... yes
checking stddef.h presence... yes
checking for stddef.h... yes
checking stdarg.h usability... yes
checking stdarg.h presence... yes
checking for stdarg.h... yes
checking malloc.h usability... yes
checking malloc.h presence... yes
checking for malloc.h... yes
checking for memory.h... (cached) yes
checking for string.h... (cached) yes
checking for strings.h... (cached) yes
checking for inttypes.h... (cached) yes
checking for stdint.h... (cached) yes
checking ctype.h usability... yes
checking ctype.h presence... yes
checking for ctype.h... yes
checking math.h usability... yes
checking math.h presence... yes
checking for math.h... yes
checking iconv.h usability... yes
checking iconv.h presence... yes
checking for iconv.h... yes
checking signal.h usability... yes
checking signal.h presence... yes
checking for signal.h... yes
checking for size_t... yes
checking for M_PI in math.h... yes
checking for working alloca.h... yes
checking for alloca... yes
checking for working memcmp... yes
checking for working strtod... yes
checking for mprotect... yes
checking for malloc... yes
checking for calloc... yes
checking for realloc... yes
checking for free... yes
checking for getenv... yes
checking for setenv... yes
checking for putenv... yes
checking for unsetenv... yes
checking for qsort... yes
checking for abs... yes
checking for bcopy... yes
checking for memset... yes
checking for memcpy... yes
checking for memmove... yes
checking for strlen... yes
checking for strlcpy... no
checking for strlcat... no
checking for strdup... yes
checking for _strrev... no
checking for _strupr... no
checking for _strlwr... no
Building Windows64 Package
patching file src/render/direct3d11/SDL_render_d3d11.c
patching file src/render/direct3d11/SDL_render_d3d11.c
Hunk #1 succeeded at 135 (offset 3 lines).
checking build system type... x86_64-pc-linux-gnu
checking host system type... i686-pc-mingw32msvc
checking how to print strings... printf
checking for i686-mingw32msvc-gcc... /usr/bin/i686-w64-mingw32-gcc
checking whether the C compiler works... yes
checking for C compiler default output file name... a.exe
checking for suffix of executables... .exe
checking whether we are cross compiling... yes
checking for suffix of object files... o
checking whether we are using the GNU C compiler... yes
checking whether /usr/bin/i686-w64-mingw32-gcc accepts -g... yes
checking for /usr/bin/i686-w64-mingw32-gcc option to accept ISO C89... none needed
checking for a sed that does not truncate output... /bin/sed
checking for grep that handles long lines and -e... /bin/grep
checking for egrep... /bin/grep -E
checking for fgrep... /bin/grep -F
checking for ld used by /usr/bin/i686-w64-mingw32-gcc... /usr/bin/i686-w64-mingw32-ld
checking if the linker (/usr/bin/i686-w64-mingw32-ld) is GNU ld... yes
checking for BSD- or MS-compatible name lister (nm)... no
checking for i686-mingw32msvc-dumpbin... no
checking for i686-mingw32msvc-link... no
checking for dumpbin... no
checking for link... link -dump
checking the name lister (nm) interface... BSD nm
checking whether ln -s works... yes
checking the maximum length of command line arguments... 1572864
checking whether the shell understands some XSI constructs... yes
checking whether the shell understands "+="... yes
checking how to convert x86_64-pc-linux-gnu file names to i686-pc-mingw32msvc format... func_convert_file_nix_to_w32
checking how to convert x86_64-pc-linux-gnu file names to toolchain format... func_convert_file_noop
checking for /usr/bin/i686-w64-mingw32-ld option to reload object files... -r
checking for i686-mingw32msvc-objdump... no
checking for objdump... objdump
checking how to recognize dependent libraries... pass_all
checking for i686-mingw32msvc-dlltool... no
checking for dlltool... no
checking how to associate runtime and link libraries... func_cygming_dll_for_implib_fallback
checking for i686-mingw32msvc-ar... no
checking for ar... ar
checking for archiver @FILE support... @
checking for i686-mingw32msvc-strip... no
checking for strip... strip
checking for i686-mingw32msvc-ranlib... no
checking for ranlib... ranlib
checking for gawk... gawk
checking command to parse nm output from /usr/bin/i686-w64-mingw32-gcc object... ok
checking for sysroot... no
checking for i686-mingw32msvc-mt... no
checking for mt... mt
checking if mt is a manifest tool... no
checking how to run the C preprocessor... /usr/bin/i686-w64-mingw32-gcc -E
checking for ANSI C header files... yes
checking for sys/types.h... yes
checking for sys/stat.h... yes
checking for stdlib.h... yes
checking for string.h... yes
checking for memory.h... yes
checking for strings.h... yes
checking for inttypes.h... yes
checking for stdint.h... yes
checking for unistd.h... yes
checking for dlfcn.h... no
checking for i686-mingw32msvc-as... no
checking for as... as
checking for i686-mingw32msvc-dlltool... false
checking for i686-mingw32msvc-objdump... objdump
checking for objdir... .libs
checking if /usr/bin/i686-w64-mingw32-gcc supports -fno-rtti -fno-exceptions... no
checking for /usr/bin/i686-w64-mingw32-gcc option to produce PIC... -DDLL_EXPORT -DPIC
checking if /usr/bin/i686-w64-mingw32-gcc PIC flag -DDLL_EXPORT -DPIC works... yes
checking if /usr/bin/i686-w64-mingw32-gcc static flag -static works... yes
checking if /usr/bin/i686-w64-mingw32-gcc supports -c -o file.o... yes
checking if /usr/bin/i686-w64-mingw32-gcc supports -c -o file.o... (cached) yes
checking whether the /usr/bin/i686-w64-mingw32-gcc linker (/usr/bin/i686-w64-mingw32-ld) supports shared libraries... yes
checking whether -lc should be explicitly linked in... yes
checking dynamic linker characteristics... Win32 ld.exe
checking how to hardcode library paths into programs... immediate
checking whether stripping libraries is possible... yes
checking if libtool supports shared libraries... yes
checking whether to build shared libraries... yes
checking whether to build static libraries... yes
checking for i686-mingw32msvc-gcc... (cached) /usr/bin/i686-w64-mingw32-gcc
checking whether we are using the GNU C compiler... (cached) yes
checking whether /usr/bin/i686-w64-mingw32-gcc accepts -g... (cached) yes
checking for /usr/bin/i686-w64-mingw32-gcc option to accept ISO C89... (cached) none needed
checking for i686-mingw32msvc-g++... no
checking for i686-mingw32msvc-c++... no
checking for i686-mingw32msvc-gpp... no
checking for i686-mingw32msvc-aCC... no
checking for i686-mingw32msvc-CC... no
checking for i686-mingw32msvc-cxx... no
checking for i686-mingw32msvc-cc++... no
checking for i686-mingw32msvc-cl.exe... no
checking for i686-mingw32msvc-FCC... no
checking for i686-mingw32msvc-KCC... no
checking for i686-mingw32msvc-RCC... no
checking for i686-mingw32msvc-xlC_r... no
checking for i686-mingw32msvc-xlC... no
checking for g++... g++
checking whether we are using the GNU C++ compiler... yes
checking whether g++ accepts -g... yes
checking how to run the C++ preprocessor... g++ -E
checking for ld used by g++... /usr/bin/i686-w64-mingw32-ld
checking if the linker (/usr/bin/i686-w64-mingw32-ld) is GNU ld... yes
checking whether the g++ linker (/usr/bin/i686-w64-mingw32-ld) supports shared libraries... yes
checking for g++ option to produce PIC... -DDLL_EXPORT -DPIC
checking if g++ PIC flag -DDLL_EXPORT -DPIC works... yes
checking if g++ static flag -static works... yes
checking if g++ supports -c -o file.o... yes
checking if g++ supports -c -o file.o... (cached) yes
checking whether the g++ linker (/usr/bin/i686-w64-mingw32-ld) supports shared libraries... yes
checking dynamic linker characteristics... Win32 ld.exe
checking how to hardcode library paths into programs... immediate
checking for a BSD-compatible install... /usr/bin/install -c
checking whether make sets $(MAKE)... yes
checking for i686-mingw32msvc-windres... /usr/bin/i686-w64-mingw32-windres
checking for an ANSI C-conforming const... yes
checking for inline... inline
checking for working volatile... yes
checking for GCC -MMD -MT option... yes
checking for linker option --no-undefined... yes
checking for ANSI C header files... (cached) yes
checking for sys/types.h... (cached) yes
checking stdio.h usability... yes
checking stdio.h presence... yes
checking for stdio.h... yes
checking for stdlib.h... (cached) yes
checking stddef.h usability... yes
checking stddef.h presence... yes
checking for stddef.h... yes
checking stdarg.h usability... yes
checking stdarg.h presence... yes
checking for stdarg.h... yes
checking malloc.h usability... yes
checking malloc.h presence... yes
checking for malloc.h... yes
checking for memory.h... (cached) yes
checking for string.h... (cached) yes
checking for strings.h... (cached) yes
checking for inttypes.h... (cached) yes
checking for stdint.h... (cached) yes
checking ctype.h usability... yes
checking ctype.h presence... yes
checking for ctype.h... yes
checking math.h usability... yes
checking math.h presence... yes
checking for math.h... yes
checking iconv.h usability... no
checking iconv.h presence... no
checking for iconv.h... no
checking signal.h usability... yes
checking signal.h presence... yes
checking for signal.h... yes
checking for size_t... yes
checking for M_PI in math.h... yes
checking for working memcmp... no
checking for working strtod... no
checking for pow... yes
checking for mprotect... yes
checking for malloc... yes
checking for calloc... yes
checking for realloc... yes
checking for free... yes
checking for getenv... yes
checking for setenv... no
checking for putenv... 